<!DOCTYPE html PUBLIC "-//W3C//DTD XHTML 1.1//EN" "http://www.w3.org/TR/xhtml11/DTD/xhtml11.dtd">
<html xmlns="http://www.w3.org/1999/xhtml"><head><title>TestNG Report</title><style type="text/css">table {margin-bottom:10px;border-collapse:collapse;empty-cells:show}th,td {border:1px solid #009;padding:.25em .5em}th {vertical-align:bottom}td {vertical-align:top}table a {font-weight:bold}.stripe td {background-color: #E6EBF9}.num {text-align:right}.passedodd td {background-color: #3F3}.passedeven td {background-color: #0A0}.skippedodd td {background-color: #DDD}.skippedeven td {background-color: #CCC}.failedodd td,.attn {background-color: #F33}.failedeven td,.stripe .attn {background-color: #D00}.stacktrace {white-space:pre;font-family:monospace}.totop {font-size:85%;text-align:center;border-bottom:2px solid #000}</style></head><body><table><tr><th>Test</th><th># Passed</th><th># Skipped</th><th># Failed</th><th>Time (ms)</th><th>Included Groups</th><th>Excluded Groups</th></tr><tr><th colspan="7">Suite</th></tr><tr><td><a href="#t0">firefoxTestCase</a></td><td class="num">4</td><td class="num">0</td><td class="num attn">2</td><td class="num">223,278</td><td></td><td></td></tr><tr class="stripe"><td><a href="#t1">chromeTestCase</a></td><td class="num">1</td><td class="num">0</td><td class="num">0</td><td class="num">69,441</td><td></td><td></td></tr><tr><th>Total</th><th class="num">5</th><th class="num">0</th><th class="num attn">2</th><th class="num">292,719</th><th colspan="2"></th></tr></table><table><thead><tr><th>Class</th><th>Method</th><th>Start</th><th>Time (ms)</th></tr></thead><tbody><tr><th colspan="4">Suite</th></tr></tbody><tbody id="t0"><tr><th colspan="4">firefoxTestCase &#8212; failed</th></tr><tr class="failedeven"><td rowspan="2">com.apex.rediffmail.login.test.LoginPageTestRediffmail</td><td><a href="#m0">loginIwthBlankPassword</a></td><td rowspan="1">1496373416393</td><td rowspan="1">8610</td></tr><tr class="failedeven"><td><a href="#m1">loginWithBlankID</a></td><td rowspan="1">1496373385705</td><td rowspan="1">7939</td></tr><tr><th colspan="4">firefoxTestCase &#8212; passed</th></tr><tr class="passedeven"><td rowspan="4">com.apex.rediffmail.login.test.LoginPageTestRediffmail</td><td><a href="#m2">invalidLogin</a></td><td rowspan="2">1496373446968</td><td rowspan="2">10624</td></tr><tr class="passedeven"><td><a href="#m3">invalidLogin</a></td></tr><tr class="passedeven"><td><a href="#m4">successfullId</a></td><td rowspan="2">1496373301037</td><td rowspan="2">16118</td></tr><tr class="passedeven"><td><a href="#m5">successfullId</a></td></tr></tbody><tbody id="t1"><tr><th colspan="4">chromeTestCase &#8212; passed</th></tr><tr class="passedeven"><td rowspan="1">com.apex.rediffmail.forgotPAssword.test.LoginPageForgotPassTest</td><td><a href="#m6">forgotPassTest</a></td><td rowspan="1">1496373512091</td><td rowspan="1">54766</td></tr></tbody></table><h2>firefoxTestCase</h2><h3 id="m0">com.apex.rediffmail.login.test.LoginPageTestRediffmail#loginIwthBlankPassword</h3><table class="result"><tr class="param"><th>Parameter #1</th><th>Parameter #2</th></tr><tr class="param stripe"><td>mike20mac</td><td></td></tr><tr><th colspan="2">Exception</th></tr><tr><td colspan="2"><div class="stacktrace">org.openqa.selenium.NoSuchElementException: Unable to locate element: {&quot;method&quot;:&quot;xpath&quot;,&quot;selector&quot;:&quot;.//*[@id=&apos;mail_main_box_cont&apos;]/div[2]/div[1]/ul[1]/li/a&quot;}
Command duration or timeout: 71 milliseconds
For documentation on this error, please visit: http://seleniumhq.org/exceptions/no_such_element.html
Build info: version: &apos;2.53.0&apos;, revision: &apos;35ae25b1534ae328c771e0856c93e187490ca824&apos;, time: &apos;2016-03-15 10:43:46&apos;
System info: host: &apos;macwan-PC&apos;, ip: &apos;192.168.56.1&apos;, os.name: &apos;Windows 7&apos;, os.arch: &apos;amd64&apos;, os.version: &apos;6.1&apos;, java.version: &apos;1.8.0_66&apos;
Driver info: org.openqa.selenium.firefox.FirefoxDriver
Capabilities [{applicationCacheEnabled=true, rotatable=false, handlesAlerts=true, databaseEnabled=true, version=46.0, platform=WINDOWS, nativeEvents=false, acceptSslCerts=true, webStorageEnabled=true, locationContextEnabled=true, browserName=firefox, takesScreenshot=true, javascriptEnabled=true, cssSelectorsEnabled=true}]
Session ID: f9e3b32a-9df6-4735-9276-adcef7a6329a
*** Element info: {Using=xpath, value=.//*[@id=&apos;mail_main_box_cont&apos;]/div[2]/div[1]/ul[1]/li/a}
	at org.openqa.selenium.remote.ErrorHandler.createThrowable(ErrorHandler.java:206)
	at org.openqa.selenium.remote.ErrorHandler.throwIfResponseFailed(ErrorHandler.java:158)
	at org.openqa.selenium.remote.RemoteWebDriver.execute(RemoteWebDriver.java:678)
	at org.openqa.selenium.remote.RemoteWebDriver.findElement(RemoteWebDriver.java:363)
	at org.openqa.selenium.remote.RemoteWebDriver.findElementByXPath(RemoteWebDriver.java:500)
	at org.openqa.selenium.By$ByXPath.findElement(By.java:361)
	at org.openqa.selenium.remote.RemoteWebDriver.findElement(RemoteWebDriver.java:355)
	at org.openqa.selenium.support.pagefactory.DefaultElementLocator.findElement(DefaultElementLocator.java:69)
	at org.openqa.selenium.support.pagefactory.internal.LocatingElementHandler.invoke(LocatingElementHandler.java:38)
	at com.sun.proxy.$Proxy9.getText(Unknown Source)
	at com.apex.rediffmail.login.page.LoginPageRediffmail.inboxtxt(LoginPageRediffmail.java:86)
	at com.apex.rediffmail.login.test.LoginPageTestRediffmail.loginIwthBlankPassword(LoginPageTestRediffmail.java:42)
Caused by: org.openqa.selenium.NoSuchElementException: Unable to locate element: {&quot;method&quot;:&quot;xpath&quot;,&quot;selector&quot;:&quot;.//*[@id=&apos;mail_main_box_cont&apos;]/div[2]/div[1]/ul[1]/li/a&quot;}
For documentation on this error, please visit: http://seleniumhq.org/exceptions/no_such_element.html
Build info: version: &apos;2.53.0&apos;, revision: &apos;35ae25b1534ae328c771e0856c93e187490ca824&apos;, time: &apos;2016-03-15 10:43:46&apos;
System info: host: &apos;macwan-PC&apos;, ip: &apos;192.168.56.1&apos;, os.name: &apos;Windows 7&apos;, os.arch: &apos;amd64&apos;, os.version: &apos;6.1&apos;, java.version: &apos;1.8.0_66&apos;
Driver info: driver.version: unknown
	at &lt;anonymous class&gt;.FirefoxDriver.prototype.findElementInternal_(file:///C:/Users/macwan/AppData/Local/Temp/anonymous4108561649107146444webdriver-profile/extensions/fxdriver@googlecode.com/components/driver-component.js:10770)
	at &lt;anonymous class&gt;.FirefoxDriver.prototype.findElement(file:///C:/Users/macwan/AppData/Local/Temp/anonymous4108561649107146444webdriver-profile/extensions/fxdriver@googlecode.com/components/driver-component.js:10779)
	at &lt;anonymous class&gt;.DelayedCommand.prototype.executeInternal_/h(file:///C:/Users/macwan/AppData/Local/Temp/anonymous4108561649107146444webdriver-profile/extensions/fxdriver@googlecode.com/components/command-processor.js:12661)
	at &lt;anonymous class&gt;.DelayedCommand.prototype.executeInternal_(file:///C:/Users/macwan/AppData/Local/Temp/anonymous4108561649107146444webdriver-profile/extensions/fxdriver@googlecode.com/components/command-processor.js:12666)
	at &lt;anonymous class&gt;.DelayedCommand.prototype.execute/&lt;(file:///C:/Users/macwan/AppData/Local/Temp/anonymous4108561649107146444webdriver-profile/extensions/fxdriver@googlecode.com/components/command-processor.js:12608)
... Removed 28 stack frames</div></td></tr></table><p class="totop"><a href="#summary">back to summary</a></p><h3 id="m1">com.apex.rediffmail.login.test.LoginPageTestRediffmail#loginWithBlankID</h3><table class="result"><tr class="param"><th>Parameter #1</th><th>Parameter #2</th></tr><tr class="param stripe"><td></td><td>Jesus@123</td></tr><tr><th colspan="2">Exception</th></tr><tr><td colspan="2"><div class="stacktrace">org.openqa.selenium.NoSuchElementException: Unable to locate element: {&quot;method&quot;:&quot;xpath&quot;,&quot;selector&quot;:&quot;.//*[@id=&apos;mail_main_box_cont&apos;]/div[2]/div[1]/ul[1]/li/a&quot;}
Command duration or timeout: 88 milliseconds
For documentation on this error, please visit: http://seleniumhq.org/exceptions/no_such_element.html
Build info: version: &apos;2.53.0&apos;, revision: &apos;35ae25b1534ae328c771e0856c93e187490ca824&apos;, time: &apos;2016-03-15 10:43:46&apos;
System info: host: &apos;macwan-PC&apos;, ip: &apos;192.168.56.1&apos;, os.name: &apos;Windows 7&apos;, os.arch: &apos;amd64&apos;, os.version: &apos;6.1&apos;, java.version: &apos;1.8.0_66&apos;
Driver info: org.openqa.selenium.firefox.FirefoxDriver
Capabilities [{applicationCacheEnabled=true, rotatable=false, handlesAlerts=true, databaseEnabled=true, version=46.0, platform=WINDOWS, nativeEvents=false, acceptSslCerts=true, webStorageEnabled=true, locationContextEnabled=true, browserName=firefox, takesScreenshot=true, javascriptEnabled=true, cssSelectorsEnabled=true}]
Session ID: 04aec06d-86be-46ae-9f8d-488a23f44822
*** Element info: {Using=xpath, value=.//*[@id=&apos;mail_main_box_cont&apos;]/div[2]/div[1]/ul[1]/li/a}
	at org.openqa.selenium.remote.ErrorHandler.createThrowable(ErrorHandler.java:206)
	at org.openqa.selenium.remote.ErrorHandler.throwIfResponseFailed(ErrorHandler.java:158)
	at org.openqa.selenium.remote.RemoteWebDriver.execute(RemoteWebDriver.java:678)
	at org.openqa.selenium.remote.RemoteWebDriver.findElement(RemoteWebDriver.java:363)
	at org.openqa.selenium.remote.RemoteWebDriver.findElementByXPath(RemoteWebDriver.java:500)
	at org.openqa.selenium.By$ByXPath.findElement(By.java:361)
	at org.openqa.selenium.remote.RemoteWebDriver.findElement(RemoteWebDriver.java:355)
	at org.openqa.selenium.support.pagefactory.DefaultElementLocator.findElement(DefaultElementLocator.java:69)
	at org.openqa.selenium.support.pagefactory.internal.LocatingElementHandler.invoke(LocatingElementHandler.java:38)
	at com.sun.proxy.$Proxy9.getText(Unknown Source)
	at com.apex.rediffmail.login.page.LoginPageRediffmail.inboxtxt(LoginPageRediffmail.java:86)
	at com.apex.rediffmail.login.test.LoginPageTestRediffmail.loginWithBlankID(LoginPageTestRediffmail.java:31)
Caused by: org.openqa.selenium.NoSuchElementException: Unable to locate element: {&quot;method&quot;:&quot;xpath&quot;,&quot;selector&quot;:&quot;.//*[@id=&apos;mail_main_box_cont&apos;]/div[2]/div[1]/ul[1]/li/a&quot;}
For documentation on this error, please visit: http://seleniumhq.org/exceptions/no_such_element.html
Build info: version: &apos;2.53.0&apos;, revision: &apos;35ae25b1534ae328c771e0856c93e187490ca824&apos;, time: &apos;2016-03-15 10:43:46&apos;
System info: host: &apos;macwan-PC&apos;, ip: &apos;192.168.56.1&apos;, os.name: &apos;Windows 7&apos;, os.arch: &apos;amd64&apos;, os.version: &apos;6.1&apos;, java.version: &apos;1.8.0_66&apos;
Driver info: driver.version: unknown
	at &lt;anonymous class&gt;.FirefoxDriver.prototype.findElementInternal_(file:///C:/Users/macwan/AppData/Local/Temp/anonymous8573544696118112190webdriver-profile/extensions/fxdriver@googlecode.com/components/driver-component.js:10770)
	at &lt;anonymous class&gt;.FirefoxDriver.prototype.findElement(file:///C:/Users/macwan/AppData/Local/Temp/anonymous8573544696118112190webdriver-profile/extensions/fxdriver@googlecode.com/components/driver-component.js:10779)
	at &lt;anonymous class&gt;.DelayedCommand.prototype.executeInternal_/h(file:///C:/Users/macwan/AppData/Local/Temp/anonymous8573544696118112190webdriver-profile/extensions/fxdriver@googlecode.com/components/command-processor.js:12661)
	at &lt;anonymous class&gt;.DelayedCommand.prototype.executeInternal_(file:///C:/Users/macwan/AppData/Local/Temp/anonymous8573544696118112190webdriver-profile/extensions/fxdriver@googlecode.com/components/command-processor.js:12666)
	at &lt;anonymous class&gt;.DelayedCommand.prototype.execute/&lt;(file:///C:/Users/macwan/AppData/Local/Temp/anonymous8573544696118112190webdriver-profile/extensions/fxdriver@googlecode.com/components/command-processor.js:12608)
... Removed 28 stack frames</div></td></tr></table><p class="totop"><a href="#summary">back to summary</a></p><h3 id="m2">com.apex.rediffmail.login.test.LoginPageTestRediffmail#invalidLogin</h3><table class="result"><tr class="param"><th>Parameter #1</th><th>Parameter #2</th></tr><tr class="param stripe"><td>mike20mac</td><td>Jesus@124</td></tr></table><p class="totop"><a href="#summary">back to summary</a></p><h3 id="m3">com.apex.rediffmail.login.test.LoginPageTestRediffmail#invalidLogin</h3><table class="result"><tr class="param"><th>Parameter #1</th><th>Parameter #2</th></tr><tr class="param stripe"><td>mike20mac1</td><td>Jesus@123</td></tr></table><p class="totop"><a href="#summary">back to summary</a></p><h3 id="m4">com.apex.rediffmail.login.test.LoginPageTestRediffmail#successfullId</h3><table class="result"><tr class="param"><th>Parameter #1</th><th>Parameter #2</th></tr><tr class="param stripe"><td>mike20mac</td><td>Jesus@123</td></tr></table><p class="totop"><a href="#summary">back to summary</a></p><h3 id="m5">com.apex.rediffmail.login.test.LoginPageTestRediffmail#successfullId</h3><table class="result"><tr class="param"><th>Parameter #1</th><th>Parameter #2</th></tr><tr class="param stripe"><td>mike20mac</td><td>Jesus@123</td></tr></table><p class="totop"><a href="#summary">back to summary</a></p><h2>chromeTestCase</h2><h3 id="m6">com.apex.rediffmail.forgotPAssword.test.LoginPageForgotPassTest#forgotPassTest</h3><table class="result"><tr class="param"><th>Parameter #1</th><th>Parameter #2</th></tr><tr class="param stripe"><td>mike20mac</td><td>5106745969</td></tr></table><p class="totop"><a href="#summary">back to summary</a></p></body></html>