<?xml version="1.0" encoding="UTF-8"?>
<!-- Generated by org.testng.reporters.JUnitXMLReporter -->
<testsuite hostname="macwan-PC" name="Default test" tests="1" failures="0" timestamp="31 May 2017 09:40:27 GMT" time="0.165" errors="0">
  <testcase name="@BeforeMethod browserStartup" time="0.0" classname="com.apex.rediffmail.forgotPAssword.Test.LoginPageForgotPassTest">
    <failure type="org.testng.TestNGException" message="
Parameter &amp;apos;browser&amp;apos; is required by @Configuration on method browserStartup but has not been marked @Optional or defined
in C:\Users\macwan\AppData\Local\Temp\testng-eclipse-532417417\testng-customsuite.xml">
      <![CDATA[org.testng.TestNGException: 
Parameter 'browser' is required by @Configuration on method browserStartup but has not been marked @Optional or defined
in C:\Users\macwan\AppData\Local\Temp\testng-eclipse-532417417\testng-customsuite.xml
	at org.testng.internal.Parameters.createParameters(Parameters.java:155)
	at org.testng.internal.Parameters.createParameters(Parameters.java:358)
	at org.testng.internal.Parameters.createConfigurationParameters(Parameters.java:86)
	at org.testng.internal.Invoker.invokeConfigurations(Invoker.java:199)
	at org.testng.internal.Invoker.invokeMethod(Invoker.java:653)
	at org.testng.internal.Invoker.invokeTestMethod(Invoker.java:901)
	at org.testng.internal.Invoker.invokeTestMethods(Invoker.java:1231)
	at org.testng.internal.TestMethodWorker.invokeTestMethods(TestMethodWorker.java:127)
	at org.testng.internal.TestMethodWorker.run(TestMethodWorker.java:111)
	at org.testng.TestRunner.privateRun(TestRunner.java:767)
	at org.testng.TestRunner.run(TestRunner.java:617)
	at org.testng.SuiteRunner.runTest(SuiteRunner.java:348)
	at org.testng.SuiteRunner.runSequentially(SuiteRunner.java:343)
	at org.testng.SuiteRunner.privateRun(SuiteRunner.java:305)
	at org.testng.SuiteRunner.run(SuiteRunner.java:254)
	at org.testng.SuiteRunnerWorker.runSuite(SuiteRunnerWorker.java:52)
	at org.testng.SuiteRunnerWorker.run(SuiteRunnerWorker.java:86)
	at org.testng.TestNG.runSuitesSequentially(TestNG.java:1224)
	at org.testng.TestNG.runSuitesLocally(TestNG.java:1149)
	at org.testng.TestNG.run(TestNG.java:1057)
	at org.testng.remote.AbstractRemoteTestNG.run(AbstractRemoteTestNG.java:132)
	at org.testng.remote.RemoteTestNG.initAndRun(RemoteTestNG.java:230)
	at org.testng.remote.RemoteTestNG.main(RemoteTestNG.java:76)
]]>
    </failure>
  </testcase> <!-- @BeforeMethod browserStartup -->
  <testcase name="@AfterMethod afterMethod" time="0.0" classname="com.apex.rediffmail.forgotPAssword.Test.LoginPageForgotPassTest">
    <skipped/>
  </testcase> <!-- @AfterMethod afterMethod -->
  <testcase name="forgotPassTest" time="0.007" classname="com.apex.rediffmail.forgotPAssword.Test.LoginPageForgotPassTest">
    <skipped/>
  </testcase> <!-- forgotPassTest -->
</testsuite> <!-- Default test -->
